22:44:09:041  INFO 8800 --- [main] com.hmall.pay.PayApplication             : Starting PayApplication using Java 11.0.27 on ZhangDeskTop with PID 8800 (D:\Users\ZhangYao\Desktop\git\E-ommerceSystemMicroservices\hmall\pay-service\target\classes started by ZhangYao in D:\Users\ZhangYao\Desktop\git\E-ommerceSystemMicroservices\hmall)
22:44:09:045 DEBUG 8800 --- [main] com.hmall.pay.PayApplication             : Running with Spring Boot v2.7.12, Spring v5.3.27
22:44:09:045  INFO 8800 --- [main] com.hmall.pay.PayApplication             : The following 1 profile is active: "local"
22:44:09:862  INFO 8800 --- [main] o.s.cloud.context.scope.GenericScope     : BeanFactory id=ca4b5a44-609c-39de-8d03-e088bf2e1329
22:44:10:169  INFO 8800 --- [main] o.s.b.w.embedded.tomcat.TomcatWebServer  : Tomcat initialized with port(s): 8086 (http)
22:44:10:179  INFO 8800 --- [main] o.apache.catalina.core.StandardService   : Starting service [Tomcat]
22:44:10:179  INFO 8800 --- [main] org.apache.catalina.core.StandardEngine  : Starting Servlet engine: [Apache Tomcat/9.0.75]
22:44:10:308  INFO 8800 --- [main] o.a.c.c.C.[Tomcat].[localhost].[/]       : Initializing Spring embedded WebApplicationContext
22:44:10:309  INFO 8800 --- [main] w.s.c.ServletWebServerApplicationContext : Root WebApplicationContext: initialization completed in 1225 ms
22:44:10:470  INFO 8800 --- [main] o.s.c.openfeign.FeignClientFactoryBean   : For 'user-service' URL not provided. Will try picking an instance via load-balancing.
22:44:10:501  INFO 8800 --- [main] o.s.c.openfeign.FeignClientFactoryBean   : For 'trade-service' URL not provided. Will try picking an instance via load-balancing.
22:44:11:628  INFO 8800 --- [main] pertySourcedRequestMappingHandlerMapping : Mapped URL path [/v2/api-docs] onto method [springfox.documentation.swagger2.web.Swagger2ControllerWebMvc#getDocumentation(String, HttpServletRequest)]
22:44:11:986  INFO 8800 --- [main] com.alibaba.nacos.common.remote.client   : [RpcClientFactory] create a new rpc client of dde8c6f7-edcf-4ef7-9247-a9e0407eb639
22:44:12:027  INFO 8800 --- [main] org.reflections.Reflections              : Reflections took 23 ms to scan 1 urls, producing 3 keys and 6 values 
22:44:12:053  INFO 8800 --- [main] org.reflections.Reflections              : Reflections took 6 ms to scan 1 urls, producing 4 keys and 9 values 
22:44:12:062  INFO 8800 --- [main] org.reflections.Reflections              : Reflections took 5 ms to scan 1 urls, producing 3 keys and 10 values 
22:44:12:065  WARN 8800 --- [main] org.reflections.Reflections              : given scan urls are empty. set urls in the configuration
22:44:12:071  INFO 8800 --- [main] org.reflections.Reflections              : Reflections took 4 ms to scan 1 urls, producing 1 keys and 5 values 
22:44:12:080  INFO 8800 --- [main] org.reflections.Reflections              : Reflections took 7 ms to scan 1 urls, producing 1 keys and 7 values 
22:44:12:087  INFO 8800 --- [main] org.reflections.Reflections              : Reflections took 4 ms to scan 1 urls, producing 2 keys and 8 values 
22:44:12:090  WARN 8800 --- [main] org.reflections.Reflections              : given scan urls are empty. set urls in the configuration
22:44:12:091  INFO 8800 --- [main] com.alibaba.nacos.common.remote.client   : [dde8c6f7-edcf-4ef7-9247-a9e0407eb639] RpcClient init label, labels = {module=naming, source=sdk}
22:44:12:093  INFO 8800 --- [main] com.alibaba.nacos.common.remote.client   : [dde8c6f7-edcf-4ef7-9247-a9e0407eb639] RpcClient init, ServerListFactory = com.alibaba.nacos.client.naming.core.ServerListManager
22:44:12:093  INFO 8800 --- [main] com.alibaba.nacos.common.remote.client   : [dde8c6f7-edcf-4ef7-9247-a9e0407eb639] Registry connection listener to current client:com.alibaba.nacos.client.naming.remote.gprc.redo.NamingGrpcRedoService
22:44:12:093  INFO 8800 --- [main] com.alibaba.nacos.common.remote.client   : [dde8c6f7-edcf-4ef7-9247-a9e0407eb639] Register server push request handler:com.alibaba.nacos.client.naming.remote.gprc.NamingPushRequestHandler
22:44:12:095  INFO 8800 --- [main] com.alibaba.nacos.common.remote.client   : [dde8c6f7-edcf-4ef7-9247-a9e0407eb639] Try to connect to server on start up, server: {serverIp = '110.41.61.31', server main port = 8848}
22:44:13:261  INFO 8800 --- [main] com.alibaba.nacos.common.remote.client   : [dde8c6f7-edcf-4ef7-9247-a9e0407eb639] Success to connect to server [110.41.61.31:8848] on start up, connectionId = 1764513852840_110.86.218.244_48241
22:44:13:262  INFO 8800 --- [com.alibaba.nacos.client.remote.worker] com.alibaba.nacos.common.remote.client   : [dde8c6f7-edcf-4ef7-9247-a9e0407eb639] Notify connected event to listeners.
22:44:13:262  INFO 8800 --- [main] com.alibaba.nacos.common.remote.client   : [dde8c6f7-edcf-4ef7-9247-a9e0407eb639] Register server push request handler:com.alibaba.nacos.common.remote.client.RpcClient$ConnectResetRequestHandler
22:44:13:263  INFO 8800 --- [main] com.alibaba.nacos.common.remote.client   : [dde8c6f7-edcf-4ef7-9247-a9e0407eb639] Register server push request handler:com.alibaba.nacos.common.remote.client.RpcClient$$Lambda$975/0x000000080069c440
22:44:13:371  INFO 8800 --- [main] o.s.b.w.embedded.tomcat.TomcatWebServer  : Tomcat started on port(s): 8086 (http) with context path ''
22:44:13:440  INFO 8800 --- [main] c.a.c.n.registry.NacosServiceRegistry    : nacos registry, DEFAULT_GROUP pay-service 192.168.84.91:8086 register finished
22:44:13:592  INFO 8800 --- [main] d.s.w.p.DocumentationPluginsBootstrapper : Documentation plugins bootstrapped
22:44:13:595  INFO 8800 --- [main] d.s.w.p.DocumentationPluginsBootstrapper : Found 1 custom documentation plugin(s)
22:44:13:612  INFO 8800 --- [main] s.d.s.w.s.ApiListingReferenceScanner     : Scanning for api listing references
22:44:13:672  INFO 8800 --- [main] com.hmall.pay.PayApplication             : Started PayApplication in 5.217 seconds (JVM running for 6.416)
22:44:13:941  INFO 8800 --- [nacos-grpc-client-executor-9] com.alibaba.nacos.common.remote.client   : [dde8c6f7-edcf-4ef7-9247-a9e0407eb639] Receive server push request, request = NotifySubscriberRequest, requestId = 100
22:44:13:944  INFO 8800 --- [nacos-grpc-client-executor-9] com.alibaba.nacos.common.remote.client   : [dde8c6f7-edcf-4ef7-9247-a9e0407eb639] Ack server push request, request = NotifySubscriberRequest, requestId = 100
22:45:43:873  INFO 8800 --- [http-nio-8086-exec-1] o.a.c.c.C.[Tomcat].[localhost].[/]       : Initializing Spring DispatcherServlet 'dispatcherServlet'
22:45:43:873  INFO 8800 --- [http-nio-8086-exec-1] o.s.web.servlet.DispatcherServlet        : Initializing Servlet 'dispatcherServlet'
22:45:43:874  INFO 8800 --- [http-nio-8086-exec-1] o.s.web.servlet.DispatcherServlet        : Completed initialization in 1 ms
22:45:48:973  INFO 8800 --- [http-nio-8086-exec-3] com.zaxxer.hikari.HikariDataSource       : HikariPool-1 - Starting...
22:45:49:974  INFO 8800 --- [http-nio-8086-exec-3] com.zaxxer.hikari.HikariDataSource       : HikariPool-1 - Start completed.
22:45:49:983 DEBUG 8800 --- [http-nio-8086-exec-3] c.h.p.mapper.PayOrderMapper.selectList   : ==>  Preparing: SELECT id,biz_order_no,pay_order_no,biz_user_id,pay_channel_code,amount,pay_type,status,expand_json,result_code,result_msg,pay_success_time,pay_over_time,qr_code_url,create_time,update_time,creater,updater,is_delete FROM pay_order
22:45:50:006 DEBUG 8800 --- [http-nio-8086-exec-3] c.h.p.mapper.PayOrderMapper.selectList   : ==> Parameters: 
22:45:50:114 DEBUG 8800 --- [http-nio-8086-exec-3] c.h.p.mapper.PayOrderMapper.selectList   : <==      Total: 2
22:46:14:428  WARN 8800 --- [Thread-7] c.a.n.common.http.HttpClientBeanHolder   : [HttpClientBeanHolder] Start destroying common HttpClient
22:46:14:428  WARN 8800 --- [Thread-4] c.a.nacos.common.notify.NotifyCenter     : [NotifyCenter] Start destroying Publisher
22:46:14:429  WARN 8800 --- [Thread-4] c.a.nacos.common.notify.NotifyCenter     : [NotifyCenter] Destruction of the end
22:46:14:429  WARN 8800 --- [Thread-7] c.a.n.common.http.HttpClientBeanHolder   : [HttpClientBeanHolder] Destruction of the end
22:46:14:628  INFO 8800 --- [SpringApplicationShutdownHook] c.a.c.n.registry.NacosServiceRegistry    : De-registering from Nacos Server now...
22:46:14:672  INFO 8800 --- [SpringApplicationShutdownHook] c.a.c.n.registry.NacosServiceRegistry    : De-registration finished.
22:46:14:996  INFO 8800 --- [SpringApplicationShutdownHook] com.alibaba.nacos.common.remote.client   : Shutdown rpc client, set status to shutdown
22:46:14:996  INFO 8800 --- [SpringApplicationShutdownHook] com.alibaba.nacos.common.remote.client   : Shutdown client event executor java.util.concurrent.ScheduledThreadPoolExecutor@130397e6[Running, pool size = 2, active threads = 2, queued tasks = 0, completed tasks = 0]
22:46:14:996  INFO 8800 --- [SpringApplicationShutdownHook] com.alibaba.nacos.common.remote.client   : Close current connection 1764513852840_110.86.218.244_48241
22:46:15:001  INFO 8800 --- [SpringApplicationShutdownHook] c.a.n.c.remote.client.grpc.GrpcClient    : Shutdown grpc executor java.util.concurrent.ThreadPoolExecutor@114df290[Running, pool size = 6, active threads = 0, queued tasks = 0, completed tasks = 41]
22:46:15:003  INFO 8800 --- [SpringApplicationShutdownHook] com.zaxxer.hikari.HikariDataSource       : HikariPool-1 - Shutdown initiated...
22:46:15:483  INFO 8800 --- [SpringApplicationShutdownHook] com.zaxxer.hikari.HikariDataSource       : HikariPool-1 - Shutdown completed.
