22:07:09:435  INFO 17524 --- [main] com.hmall.HMallApplication               : Starting HMallApplication using Java 11.0.27 on ZhangDeskTop with PID 17524 (D:\Users\ZhangYao\Desktop\git\E-ommerceSystemMicroservices\hmall\hm-service\target\classes started by ZhangYao in D:\Users\ZhangYao\Desktop\git\E-ommerceSystemMicroservices\hmall)
22:07:09:436 DEBUG 17524 --- [main] com.hmall.HMallApplication               : Running with Spring Boot v2.7.12, Spring v5.3.27
22:07:09:436  INFO 17524 --- [main] com.hmall.HMallApplication               : The following 1 profile is active: "dev"
22:07:10:021  INFO 17524 --- [main] .s.d.r.c.RepositoryConfigurationDelegate : Multiple Spring Data modules found, entering strict repository configuration mode
22:07:10:023  INFO 17524 --- [main] .s.d.r.c.RepositoryConfigurationDelegate : Bootstrapping Spring Data Redis repositories in DEFAULT mode.
22:07:10:048  INFO 17524 --- [main] .s.d.r.c.RepositoryConfigurationDelegate : Finished Spring Data repository scanning in 13 ms. Found 0 Redis repository interfaces.
22:07:10:415  INFO 17524 --- [main] o.s.b.w.embedded.tomcat.TomcatWebServer  : Tomcat initialized with port(s): 8080 (http)
22:07:10:422  INFO 17524 --- [main] o.apache.catalina.core.StandardService   : Starting service [Tomcat]
22:07:10:422  INFO 17524 --- [main] org.apache.catalina.core.StandardEngine  : Starting Servlet engine: [Apache Tomcat/9.0.75]
22:07:10:517  INFO 17524 --- [main] o.a.c.c.C.[Tomcat].[localhost].[/]       : Initializing Spring embedded WebApplicationContext
22:07:10:517  INFO 17524 --- [main] w.s.c.ServletWebServerApplicationContext : Root WebApplicationContext: initialization completed in 1050 ms
22:07:11:626  INFO 17524 --- [main] pertySourcedRequestMappingHandlerMapping : Mapped URL path [/v2/api-docs] onto method [springfox.documentation.swagger2.web.Swagger2ControllerWebMvc#getDocumentation(String, HttpServletRequest)]
22:07:11:924  INFO 17524 --- [main] o.s.b.w.embedded.tomcat.TomcatWebServer  : Tomcat started on port(s): 8080 (http) with context path ''
22:07:11:924  INFO 17524 --- [main] d.s.w.p.DocumentationPluginsBootstrapper : Documentation plugins bootstrapped
22:07:11:926  INFO 17524 --- [main] d.s.w.p.DocumentationPluginsBootstrapper : Found 1 custom documentation plugin(s)
22:07:11:942  INFO 17524 --- [main] s.d.s.w.s.ApiListingReferenceScanner     : Scanning for api listing references
22:07:12:033  INFO 17524 --- [main] com.hmall.HMallApplication               : Started HMallApplication in 2.91 seconds (JVM running for 3.553)
22:07:17:882  INFO 17524 --- [http-nio-8080-exec-5] o.a.c.c.C.[Tomcat].[localhost].[/]       : Initializing Spring DispatcherServlet 'dispatcherServlet'
22:07:17:882  INFO 17524 --- [http-nio-8080-exec-5] o.s.web.servlet.DispatcherServlet        : Initializing Servlet 'dispatcherServlet'
22:07:17:883  INFO 17524 --- [http-nio-8080-exec-5] o.s.web.servlet.DispatcherServlet        : Completed initialization in 0 ms
22:08:19:741  INFO 18632 --- [main] com.hmall.HMallApplication               : Starting HMallApplication using Java 11.0.27 on ZhangDeskTop with PID 18632 (D:\Users\ZhangYao\Desktop\git\E-ommerceSystemMicroservices\hmall\hm-service\target\classes started by ZhangYao in D:\Users\ZhangYao\Desktop\git\E-ommerceSystemMicroservices\hmall)
22:08:19:743 DEBUG 18632 --- [main] com.hmall.HMallApplication               : Running with Spring Boot v2.7.12, Spring v5.3.27
22:08:19:744  INFO 18632 --- [main] com.hmall.HMallApplication               : The following 1 profile is active: "dev"
22:08:20:322  INFO 18632 --- [main] .s.d.r.c.RepositoryConfigurationDelegate : Multiple Spring Data modules found, entering strict repository configuration mode
22:08:20:323  INFO 18632 --- [main] .s.d.r.c.RepositoryConfigurationDelegate : Bootstrapping Spring Data Redis repositories in DEFAULT mode.
22:08:20:346  INFO 18632 --- [main] .s.d.r.c.RepositoryConfigurationDelegate : Finished Spring Data repository scanning in 13 ms. Found 0 Redis repository interfaces.
22:08:20:665  INFO 18632 --- [main] o.s.b.w.embedded.tomcat.TomcatWebServer  : Tomcat initialized with port(s): 8080 (http)
22:08:20:673  INFO 18632 --- [main] o.apache.catalina.core.StandardService   : Starting service [Tomcat]
22:08:20:673  INFO 18632 --- [main] org.apache.catalina.core.StandardEngine  : Starting Servlet engine: [Apache Tomcat/9.0.75]
22:08:20:768  INFO 18632 --- [main] o.a.c.c.C.[Tomcat].[localhost].[/]       : Initializing Spring embedded WebApplicationContext
22:08:20:768  INFO 18632 --- [main] w.s.c.ServletWebServerApplicationContext : Root WebApplicationContext: initialization completed in 992 ms
22:08:21:929  INFO 18632 --- [main] pertySourcedRequestMappingHandlerMapping : Mapped URL path [/v2/api-docs] onto method [springfox.documentation.swagger2.web.Swagger2ControllerWebMvc#getDocumentation(String, HttpServletRequest)]
22:08:22:177  INFO 18632 --- [main] o.s.b.w.embedded.tomcat.TomcatWebServer  : Tomcat started on port(s): 8080 (http) with context path ''
22:08:22:177  INFO 18632 --- [main] d.s.w.p.DocumentationPluginsBootstrapper : Documentation plugins bootstrapped
22:08:22:179  INFO 18632 --- [main] d.s.w.p.DocumentationPluginsBootstrapper : Found 1 custom documentation plugin(s)
22:08:22:198  INFO 18632 --- [main] s.d.s.w.s.ApiListingReferenceScanner     : Scanning for api listing references
22:08:22:309  INFO 18632 --- [main] com.hmall.HMallApplication               : Started HMallApplication in 2.871 seconds (JVM running for 3.407)
22:08:23:918  INFO 18632 --- [http-nio-8080-exec-1] o.a.c.c.C.[Tomcat].[localhost].[/]       : Initializing Spring DispatcherServlet 'dispatcherServlet'
22:08:23:919  INFO 18632 --- [http-nio-8080-exec-1] o.s.web.servlet.DispatcherServlet        : Initializing Servlet 'dispatcherServlet'
22:08:23:920  INFO 18632 --- [http-nio-8080-exec-1] o.s.web.servlet.DispatcherServlet        : Completed initialization in 1 ms
