21:04:53:531  INFO 7712 --- [main] com.hmall.trade.TradeApplication         : Starting TradeApplication using Java 11.0.27 on ZhangDeskTop with PID 7712 (D:\Users\ZhangYao\Desktop\git\E-ommerceSystemMicroservices\hmall\trade-service\target\classes started by ZhangYao in D:\Users\ZhangYao\Desktop\git\E-ommerceSystemMicroservices\hmall)
21:04:53:533 DEBUG 7712 --- [main] com.hmall.trade.TradeApplication         : Running with Spring Boot v2.7.12, Spring v5.3.27
21:04:53:534  INFO 7712 --- [main] com.hmall.trade.TradeApplication         : The following 1 profile is active: "local"
21:04:54:243  INFO 7712 --- [main] o.s.cloud.context.scope.GenericScope     : BeanFactory id=617ae161-926b-3012-98e4-1e472aa397d0
21:04:54:501  INFO 7712 --- [main] o.s.b.w.embedded.tomcat.TomcatWebServer  : Tomcat initialized with port(s): 8085 (http)
21:04:54:512  INFO 7712 --- [main] o.apache.catalina.core.StandardService   : Starting service [Tomcat]
21:04:54:512  INFO 7712 --- [main] org.apache.catalina.core.StandardEngine  : Starting Servlet engine: [Apache Tomcat/9.0.75]
21:04:54:614  INFO 7712 --- [main] o.a.c.c.C.[Tomcat].[localhost].[/]       : Initializing Spring embedded WebApplicationContext
21:04:54:614  INFO 7712 --- [main] w.s.c.ServletWebServerApplicationContext : Root WebApplicationContext: initialization completed in 1046 ms
21:04:54:776  INFO 7712 --- [main] o.s.c.openfeign.FeignClientFactoryBean   : For 'item-service' URL not provided. Will try picking an instance via load-balancing.
21:04:55:334  INFO 7712 --- [main] o.s.c.openfeign.FeignClientFactoryBean   : For 'cart-service' URL not provided. Will try picking an instance via load-balancing.
21:04:55:794  INFO 7712 --- [main] pertySourcedRequestMappingHandlerMapping : Mapped URL path [/v2/api-docs] onto method [springfox.documentation.swagger2.web.Swagger2ControllerWebMvc#getDocumentation(String, HttpServletRequest)]
21:04:56:104  INFO 7712 --- [main] com.alibaba.nacos.common.remote.client   : [RpcClientFactory] create a new rpc client of ba791923-f67f-4439-a018-e76f2fcb6a55
21:04:56:130  INFO 7712 --- [main] org.reflections.Reflections              : Reflections took 15 ms to scan 1 urls, producing 3 keys and 6 values 
21:04:56:146  INFO 7712 --- [main] org.reflections.Reflections              : Reflections took 5 ms to scan 1 urls, producing 4 keys and 9 values 
21:04:56:151  INFO 7712 --- [main] org.reflections.Reflections              : Reflections took 4 ms to scan 1 urls, producing 3 keys and 10 values 
21:04:56:154  WARN 7712 --- [main] org.reflections.Reflections              : given scan urls are empty. set urls in the configuration
21:04:56:158  INFO 7712 --- [main] org.reflections.Reflections              : Reflections took 3 ms to scan 1 urls, producing 1 keys and 5 values 
21:04:56:164  INFO 7712 --- [main] org.reflections.Reflections              : Reflections took 5 ms to scan 1 urls, producing 1 keys and 7 values 
21:04:56:170  INFO 7712 --- [main] org.reflections.Reflections              : Reflections took 4 ms to scan 1 urls, producing 2 keys and 8 values 
21:04:56:173  WARN 7712 --- [main] org.reflections.Reflections              : given scan urls are empty. set urls in the configuration
21:04:56:175  INFO 7712 --- [main] com.alibaba.nacos.common.remote.client   : [ba791923-f67f-4439-a018-e76f2fcb6a55] RpcClient init label, labels = {module=naming, source=sdk}
21:04:56:177  INFO 7712 --- [main] com.alibaba.nacos.common.remote.client   : [ba791923-f67f-4439-a018-e76f2fcb6a55] RpcClient init, ServerListFactory = com.alibaba.nacos.client.naming.core.ServerListManager
21:04:56:177  INFO 7712 --- [main] com.alibaba.nacos.common.remote.client   : [ba791923-f67f-4439-a018-e76f2fcb6a55] Registry connection listener to current client:com.alibaba.nacos.client.naming.remote.gprc.redo.NamingGrpcRedoService
21:04:56:177  INFO 7712 --- [main] com.alibaba.nacos.common.remote.client   : [ba791923-f67f-4439-a018-e76f2fcb6a55] Register server push request handler:com.alibaba.nacos.client.naming.remote.gprc.NamingPushRequestHandler
21:04:56:178  INFO 7712 --- [main] com.alibaba.nacos.common.remote.client   : [ba791923-f67f-4439-a018-e76f2fcb6a55] Try to connect to server on start up, server: {serverIp = '110.41.61.31', server main port = 8848}
21:04:57:179  INFO 7712 --- [main] com.alibaba.nacos.common.remote.client   : [ba791923-f67f-4439-a018-e76f2fcb6a55] Success to connect to server [110.41.61.31:8848] on start up, connectionId = 1764507895593_110.86.218.244_48180
21:04:57:180  INFO 7712 --- [com.alibaba.nacos.client.remote.worker] com.alibaba.nacos.common.remote.client   : [ba791923-f67f-4439-a018-e76f2fcb6a55] Notify connected event to listeners.
21:04:57:181  INFO 7712 --- [main] com.alibaba.nacos.common.remote.client   : [ba791923-f67f-4439-a018-e76f2fcb6a55] Register server push request handler:com.alibaba.nacos.common.remote.client.RpcClient$ConnectResetRequestHandler
21:04:57:181  INFO 7712 --- [main] com.alibaba.nacos.common.remote.client   : [ba791923-f67f-4439-a018-e76f2fcb6a55] Register server push request handler:com.alibaba.nacos.common.remote.client.RpcClient$$Lambda$973/0x000000080069a840
21:04:57:294  INFO 7712 --- [main] o.s.b.w.embedded.tomcat.TomcatWebServer  : Tomcat started on port(s): 8085 (http) with context path ''
21:04:57:347  INFO 7712 --- [main] c.a.c.n.registry.NacosServiceRegistry    : nacos registry, DEFAULT_GROUP trade-service 192.168.84.91:8085 register finished
21:04:57:498  INFO 7712 --- [main] d.s.w.p.DocumentationPluginsBootstrapper : Documentation plugins bootstrapped
21:04:57:502  INFO 7712 --- [main] d.s.w.p.DocumentationPluginsBootstrapper : Found 1 custom documentation plugin(s)
21:04:57:519  INFO 7712 --- [main] s.d.s.w.s.ApiListingReferenceScanner     : Scanning for api listing references
21:04:57:565  INFO 7712 --- [main] com.hmall.trade.TradeApplication         : Started TradeApplication in 4.578 seconds (JVM running for 5.147)
21:04:57:863  INFO 7712 --- [nacos-grpc-client-executor-9] com.alibaba.nacos.common.remote.client   : [ba791923-f67f-4439-a018-e76f2fcb6a55] Receive server push request, request = NotifySubscriberRequest, requestId = 73
21:04:57:866  INFO 7712 --- [nacos-grpc-client-executor-9] com.alibaba.nacos.common.remote.client   : [ba791923-f67f-4439-a018-e76f2fcb6a55] Ack server push request, request = NotifySubscriberRequest, requestId = 73
21:06:03:277  INFO 7712 --- [http-nio-8085-exec-1] o.a.c.c.C.[Tomcat].[localhost].[/]       : Initializing Spring DispatcherServlet 'dispatcherServlet'
21:06:03:277  INFO 7712 --- [http-nio-8085-exec-1] o.s.web.servlet.DispatcherServlet        : Initializing Servlet 'dispatcherServlet'
21:06:03:279  INFO 7712 --- [http-nio-8085-exec-1] o.s.web.servlet.DispatcherServlet        : Completed initialization in 2 ms
21:06:32:977  INFO 7712 --- [http-nio-8085-exec-6] com.zaxxer.hikari.HikariDataSource       : HikariPool-1 - Starting...
21:06:33:659  INFO 7712 --- [http-nio-8085-exec-6] com.zaxxer.hikari.HikariDataSource       : HikariPool-1 - Start completed.
21:06:33:665 DEBUG 7712 --- [http-nio-8085-exec-6] c.h.trade.mapper.OrderMapper.selectById  : ==>  Preparing: SELECT id,total_fee,payment_type,user_id,status,create_time,pay_time,consign_time,end_time,close_time,comment_time,update_time FROM `order` WHERE id=?
21:06:33:682 DEBUG 7712 --- [http-nio-8085-exec-6] c.h.trade.mapper.OrderMapper.selectById  : ==> Parameters: 123865420(Long)
21:06:33:748 DEBUG 7712 --- [http-nio-8085-exec-6] c.h.trade.mapper.OrderMapper.selectById  : <==      Total: 1
21:07:51:210  WARN 7712 --- [Thread-7] c.a.n.common.http.HttpClientBeanHolder   : [HttpClientBeanHolder] Start destroying common HttpClient
21:07:51:210  WARN 7712 --- [Thread-4] c.a.nacos.common.notify.NotifyCenter     : [NotifyCenter] Start destroying Publisher
21:07:51:212  WARN 7712 --- [Thread-4] c.a.nacos.common.notify.NotifyCenter     : [NotifyCenter] Destruction of the end
21:07:51:212  WARN 7712 --- [Thread-7] c.a.n.common.http.HttpClientBeanHolder   : [HttpClientBeanHolder] Destruction of the end
21:07:51:423  INFO 7712 --- [SpringApplicationShutdownHook] c.a.c.n.registry.NacosServiceRegistry    : De-registering from Nacos Server now...
21:07:51:469  INFO 7712 --- [SpringApplicationShutdownHook] c.a.c.n.registry.NacosServiceRegistry    : De-registration finished.
21:07:51:796  INFO 7712 --- [SpringApplicationShutdownHook] com.alibaba.nacos.common.remote.client   : Shutdown rpc client, set status to shutdown
21:07:51:797  INFO 7712 --- [SpringApplicationShutdownHook] com.alibaba.nacos.common.remote.client   : Shutdown client event executor java.util.concurrent.ScheduledThreadPoolExecutor@4fc2c3bc[Running, pool size = 2, active threads = 2, queued tasks = 0, completed tasks = 0]
21:07:51:797  INFO 7712 --- [SpringApplicationShutdownHook] com.alibaba.nacos.common.remote.client   : Close current connection 1764507895593_110.86.218.244_48180
21:07:51:801  INFO 7712 --- [SpringApplicationShutdownHook] c.a.n.c.remote.client.grpc.GrpcClient    : Shutdown grpc executor java.util.concurrent.ThreadPoolExecutor@6975806e[Running, pool size = 4, active threads = 0, queued tasks = 0, completed tasks = 50]
21:07:51:804  INFO 7712 --- [SpringApplicationShutdownHook] com.zaxxer.hikari.HikariDataSource       : HikariPool-1 - Shutdown initiated...
21:07:52:198  INFO 7712 --- [SpringApplicationShutdownHook] com.zaxxer.hikari.HikariDataSource       : HikariPool-1 - Shutdown completed.
21:15:48:511  INFO 17828 --- [main] com.hmall.trade.TradeApplication         : Starting TradeApplication using Java 11.0.27 on ZhangDeskTop with PID 17828 (D:\Users\ZhangYao\Desktop\git\E-ommerceSystemMicroservices\hmall\trade-service\target\classes started by ZhangYao in D:\Users\ZhangYao\Desktop\git\E-ommerceSystemMicroservices\hmall)
21:15:48:513 DEBUG 17828 --- [main] com.hmall.trade.TradeApplication         : Running with Spring Boot v2.7.12, Spring v5.3.27
21:15:48:513  INFO 17828 --- [main] com.hmall.trade.TradeApplication         : The following 1 profile is active: "local"
21:15:49:290  INFO 17828 --- [main] o.s.cloud.context.scope.GenericScope     : BeanFactory id=617ae161-926b-3012-98e4-1e472aa397d0
21:15:49:533  INFO 17828 --- [main] o.s.b.w.embedded.tomcat.TomcatWebServer  : Tomcat initialized with port(s): 8085 (http)
21:15:49:542  INFO 17828 --- [main] o.apache.catalina.core.StandardService   : Starting service [Tomcat]
21:15:49:542  INFO 17828 --- [main] org.apache.catalina.core.StandardEngine  : Starting Servlet engine: [Apache Tomcat/9.0.75]
21:15:49:640  INFO 17828 --- [main] o.a.c.c.C.[Tomcat].[localhost].[/]       : Initializing Spring embedded WebApplicationContext
21:15:49:641  INFO 17828 --- [main] w.s.c.ServletWebServerApplicationContext : Root WebApplicationContext: initialization completed in 1091 ms
21:15:49:784  INFO 17828 --- [main] o.s.c.openfeign.FeignClientFactoryBean   : For 'item-service' URL not provided. Will try picking an instance via load-balancing.
21:15:50:426  INFO 17828 --- [main] o.s.c.openfeign.FeignClientFactoryBean   : For 'cart-service' URL not provided. Will try picking an instance via load-balancing.
21:15:51:040  INFO 17828 --- [main] pertySourcedRequestMappingHandlerMapping : Mapped URL path [/v2/api-docs] onto method [springfox.documentation.swagger2.web.Swagger2ControllerWebMvc#getDocumentation(String, HttpServletRequest)]
21:15:51:351  INFO 17828 --- [main] com.alibaba.nacos.common.remote.client   : [RpcClientFactory] create a new rpc client of abc5a5e4-fa6e-4c3b-99e1-956485e54ca2
21:15:51:382  INFO 17828 --- [main] org.reflections.Reflections              : Reflections took 16 ms to scan 1 urls, producing 3 keys and 6 values 
21:15:51:400  INFO 17828 --- [main] org.reflections.Reflections              : Reflections took 6 ms to scan 1 urls, producing 4 keys and 9 values 
21:15:51:408  INFO 17828 --- [main] org.reflections.Reflections              : Reflections took 4 ms to scan 1 urls, producing 3 keys and 10 values 
21:15:51:411  WARN 17828 --- [main] org.reflections.Reflections              : given scan urls are empty. set urls in the configuration
21:15:51:418  INFO 17828 --- [main] org.reflections.Reflections              : Reflections took 6 ms to scan 1 urls, producing 1 keys and 5 values 
21:15:51:424  INFO 17828 --- [main] org.reflections.Reflections              : Reflections took 4 ms to scan 1 urls, producing 1 keys and 7 values 
21:15:51:431  INFO 17828 --- [main] org.reflections.Reflections              : Reflections took 4 ms to scan 1 urls, producing 2 keys and 8 values 
21:15:51:433  WARN 17828 --- [main] org.reflections.Reflections              : given scan urls are empty. set urls in the configuration
21:15:51:434  INFO 17828 --- [main] com.alibaba.nacos.common.remote.client   : [abc5a5e4-fa6e-4c3b-99e1-956485e54ca2] RpcClient init label, labels = {module=naming, source=sdk}
21:15:51:436  INFO 17828 --- [main] com.alibaba.nacos.common.remote.client   : [abc5a5e4-fa6e-4c3b-99e1-956485e54ca2] RpcClient init, ServerListFactory = com.alibaba.nacos.client.naming.core.ServerListManager
21:15:51:436  INFO 17828 --- [main] com.alibaba.nacos.common.remote.client   : [abc5a5e4-fa6e-4c3b-99e1-956485e54ca2] Registry connection listener to current client:com.alibaba.nacos.client.naming.remote.gprc.redo.NamingGrpcRedoService
21:15:51:436  INFO 17828 --- [main] com.alibaba.nacos.common.remote.client   : [abc5a5e4-fa6e-4c3b-99e1-956485e54ca2] Register server push request handler:com.alibaba.nacos.client.naming.remote.gprc.NamingPushRequestHandler
21:15:51:437  INFO 17828 --- [main] com.alibaba.nacos.common.remote.client   : [abc5a5e4-fa6e-4c3b-99e1-956485e54ca2] Try to connect to server on start up, server: {serverIp = '110.41.61.31', server main port = 8848}
21:15:52:457  INFO 17828 --- [main] com.alibaba.nacos.common.remote.client   : [abc5a5e4-fa6e-4c3b-99e1-956485e54ca2] Success to connect to server [110.41.61.31:8848] on start up, connectionId = 1764508550840_110.86.218.244_48144
21:15:52:458  INFO 17828 --- [com.alibaba.nacos.client.remote.worker] com.alibaba.nacos.common.remote.client   : [abc5a5e4-fa6e-4c3b-99e1-956485e54ca2] Notify connected event to listeners.
21:15:52:459  INFO 17828 --- [main] com.alibaba.nacos.common.remote.client   : [abc5a5e4-fa6e-4c3b-99e1-956485e54ca2] Register server push request handler:com.alibaba.nacos.common.remote.client.RpcClient$ConnectResetRequestHandler
21:15:52:460  INFO 17828 --- [main] com.alibaba.nacos.common.remote.client   : [abc5a5e4-fa6e-4c3b-99e1-956485e54ca2] Register server push request handler:com.alibaba.nacos.common.remote.client.RpcClient$$Lambda$973/0x000000080069a840
21:15:52:566  WARN 17828 --- [main] ConfigServletWebServerApplicationContext : Exception encountered during context initialization - cancelling refresh attempt: org.springframework.context.ApplicationContextException: Failed to start bean 'webServerStartStop'; nested exception is org.springframework.boot.web.server.PortInUseException: Port 8085 is already in use
21:15:53:091  INFO 17828 --- [nacos-grpc-client-executor-7] com.alibaba.nacos.common.remote.client   : [abc5a5e4-fa6e-4c3b-99e1-956485e54ca2] Receive server push request, request = NotifySubscriberRequest, requestId = 81
21:15:53:092  INFO 17828 --- [nacos-grpc-client-executor-7] com.alibaba.nacos.common.remote.client   : [abc5a5e4-fa6e-4c3b-99e1-956485e54ca2] Ack server push request, request = NotifySubscriberRequest, requestId = 81
21:15:53:231  INFO 17828 --- [main] com.alibaba.nacos.common.remote.client   : Shutdown rpc client, set status to shutdown
21:15:53:231  INFO 17828 --- [main] com.alibaba.nacos.common.remote.client   : Shutdown client event executor java.util.concurrent.ScheduledThreadPoolExecutor@49338f3[Running, pool size = 2, active threads = 2, queued tasks = 0, completed tasks = 0]
21:15:53:231  INFO 17828 --- [main] com.alibaba.nacos.common.remote.client   : Close current connection 1764508550840_110.86.218.244_48144
21:15:53:234  INFO 17828 --- [main] c.a.n.c.remote.client.grpc.GrpcClient    : Shutdown grpc executor java.util.concurrent.ThreadPoolExecutor@3ae87e38[Running, pool size = 8, active threads = 0, queued tasks = 0, completed tasks = 8]
21:15:53:236  INFO 17828 --- [main] com.alibaba.nacos.common.remote.client   : [RpcClientFactory] create a new rpc client of 0b999c45-d09c-4394-80be-145b81b296d6
21:15:53:236  INFO 17828 --- [main] com.alibaba.nacos.common.remote.client   : [0b999c45-d09c-4394-80be-145b81b296d6] RpcClient init label, labels = {module=naming, source=sdk}
21:15:53:236  INFO 17828 --- [main] com.alibaba.nacos.common.remote.client   : [0b999c45-d09c-4394-80be-145b81b296d6] RpcClient init, ServerListFactory = com.alibaba.nacos.client.naming.core.ServerListManager
21:15:53:236  INFO 17828 --- [main] com.alibaba.nacos.common.remote.client   : [0b999c45-d09c-4394-80be-145b81b296d6] Registry connection listener to current client:com.alibaba.nacos.client.naming.remote.gprc.redo.NamingGrpcRedoService
21:15:53:237  INFO 17828 --- [main] com.alibaba.nacos.common.remote.client   : [0b999c45-d09c-4394-80be-145b81b296d6] Register server push request handler:com.alibaba.nacos.client.naming.remote.gprc.NamingPushRequestHandler
21:15:53:237  INFO 17828 --- [main] com.alibaba.nacos.common.remote.client   : [0b999c45-d09c-4394-80be-145b81b296d6] Try to connect to server on start up, server: {serverIp = '110.41.61.31', server main port = 8848}
21:15:53:285  INFO 17828 --- [grpc-nio-worker-ELG-1-2] c.a.n.s.i.g.i.AbstractClientStream       : Received trailers on closed stream:
 Metadata()
 {2}
21:15:53:624  INFO 17828 --- [main] com.alibaba.nacos.common.remote.client   : [0b999c45-d09c-4394-80be-145b81b296d6] Success to connect to server [110.41.61.31:8848] on start up, connectionId = 1764508551996_110.86.218.244_48304
21:15:53:624  INFO 17828 --- [main] com.alibaba.nacos.common.remote.client   : [0b999c45-d09c-4394-80be-145b81b296d6] Register server push request handler:com.alibaba.nacos.common.remote.client.RpcClient$ConnectResetRequestHandler
21:15:53:624  INFO 17828 --- [com.alibaba.nacos.client.remote.worker] com.alibaba.nacos.common.remote.client   : [0b999c45-d09c-4394-80be-145b81b296d6] Notify connected event to listeners.
21:15:53:624  INFO 17828 --- [main] com.alibaba.nacos.common.remote.client   : [0b999c45-d09c-4394-80be-145b81b296d6] Register server push request handler:com.alibaba.nacos.common.remote.client.RpcClient$$Lambda$973/0x000000080069a840
21:15:53:767  INFO 17828 --- [main] o.apache.catalina.core.StandardService   : Stopping service [Tomcat]
21:15:53:776  INFO 17828 --- [main] ConditionEvaluationReportLoggingListener : 

Error starting ApplicationContext. To display the conditions report re-run your application with 'debug' enabled.
21:15:53:802 ERROR 17828 --- [main] o.s.b.d.LoggingFailureAnalysisReporter   : 

***************************
APPLICATION FAILED TO START
***************************

Description:

Web server failed to start. Port 8085 was already in use.

Action:

Identify and stop the process that's listening on port 8085 or configure this application to listen on another port.

21:15:53:803  WARN 17828 --- [Thread-4] c.a.nacos.common.notify.NotifyCenter     : [NotifyCenter] Start destroying Publisher
21:15:53:803  WARN 17828 --- [Thread-7] c.a.n.common.http.HttpClientBeanHolder   : [HttpClientBeanHolder] Start destroying common HttpClient
21:15:53:803  WARN 17828 --- [Thread-4] c.a.nacos.common.notify.NotifyCenter     : [NotifyCenter] Destruction of the end
21:16:22:823  INFO 18012 --- [main] com.hmall.trade.TradeApplication         : Starting TradeApplication using Java 11.0.27 on ZhangDeskTop with PID 18012 (D:\Users\ZhangYao\Desktop\git\E-ommerceSystemMicroservices\hmall\trade-service\target\classes started by ZhangYao in D:\Users\ZhangYao\Desktop\git\E-ommerceSystemMicroservices\hmall)
21:16:22:825 DEBUG 18012 --- [main] com.hmall.trade.TradeApplication         : Running with Spring Boot v2.7.12, Spring v5.3.27
21:16:22:825  INFO 18012 --- [main] com.hmall.trade.TradeApplication         : The following 1 profile is active: "local"
21:16:23:520  INFO 18012 --- [main] o.s.cloud.context.scope.GenericScope     : BeanFactory id=617ae161-926b-3012-98e4-1e472aa397d0
21:16:23:764  INFO 18012 --- [main] o.s.b.w.embedded.tomcat.TomcatWebServer  : Tomcat initialized with port(s): 8085 (http)
21:16:23:771  INFO 18012 --- [main] o.apache.catalina.core.StandardService   : Starting service [Tomcat]
21:16:23:771  INFO 18012 --- [main] org.apache.catalina.core.StandardEngine  : Starting Servlet engine: [Apache Tomcat/9.0.75]
21:16:23:874  INFO 18012 --- [main] o.a.c.c.C.[Tomcat].[localhost].[/]       : Initializing Spring embedded WebApplicationContext
21:16:23:875  INFO 18012 --- [main] w.s.c.ServletWebServerApplicationContext : Root WebApplicationContext: initialization completed in 1015 ms
21:16:24:005  INFO 18012 --- [main] o.s.c.openfeign.FeignClientFactoryBean   : For 'item-service' URL not provided. Will try picking an instance via load-balancing.
21:16:24:585  INFO 18012 --- [main] o.s.c.openfeign.FeignClientFactoryBean   : For 'cart-service' URL not provided. Will try picking an instance via load-balancing.
21:16:25:085  INFO 18012 --- [main] pertySourcedRequestMappingHandlerMapping : Mapped URL path [/v2/api-docs] onto method [springfox.documentation.swagger2.web.Swagger2ControllerWebMvc#getDocumentation(String, HttpServletRequest)]
21:16:25:388  INFO 18012 --- [main] com.alibaba.nacos.common.remote.client   : [RpcClientFactory] create a new rpc client of fe4762ac-7f09-4973-ae33-104937b4d68d
21:16:25:414  INFO 18012 --- [main] org.reflections.Reflections              : Reflections took 13 ms to scan 1 urls, producing 3 keys and 6 values 
21:16:25:429  INFO 18012 --- [main] org.reflections.Reflections              : Reflections took 5 ms to scan 1 urls, producing 4 keys and 9 values 
21:16:25:435  INFO 18012 --- [main] org.reflections.Reflections              : Reflections took 4 ms to scan 1 urls, producing 3 keys and 10 values 
21:16:25:437  WARN 18012 --- [main] org.reflections.Reflections              : given scan urls are empty. set urls in the configuration
21:16:25:441  INFO 18012 --- [main] org.reflections.Reflections              : Reflections took 4 ms to scan 1 urls, producing 1 keys and 5 values 
21:16:25:446  INFO 18012 --- [main] org.reflections.Reflections              : Reflections took 4 ms to scan 1 urls, producing 1 keys and 7 values 
21:16:25:452  INFO 18012 --- [main] org.reflections.Reflections              : Reflections took 4 ms to scan 1 urls, producing 2 keys and 8 values 
21:16:25:453  WARN 18012 --- [main] org.reflections.Reflections              : given scan urls are empty. set urls in the configuration
21:16:25:454  INFO 18012 --- [main] com.alibaba.nacos.common.remote.client   : [fe4762ac-7f09-4973-ae33-104937b4d68d] RpcClient init label, labels = {module=naming, source=sdk}
21:16:25:455  INFO 18012 --- [main] com.alibaba.nacos.common.remote.client   : [fe4762ac-7f09-4973-ae33-104937b4d68d] RpcClient init, ServerListFactory = com.alibaba.nacos.client.naming.core.ServerListManager
21:16:25:455  INFO 18012 --- [main] com.alibaba.nacos.common.remote.client   : [fe4762ac-7f09-4973-ae33-104937b4d68d] Registry connection listener to current client:com.alibaba.nacos.client.naming.remote.gprc.redo.NamingGrpcRedoService
21:16:25:456  INFO 18012 --- [main] com.alibaba.nacos.common.remote.client   : [fe4762ac-7f09-4973-ae33-104937b4d68d] Register server push request handler:com.alibaba.nacos.client.naming.remote.gprc.NamingPushRequestHandler
21:16:25:457  INFO 18012 --- [main] com.alibaba.nacos.common.remote.client   : [fe4762ac-7f09-4973-ae33-104937b4d68d] Try to connect to server on start up, server: {serverIp = '110.41.61.31', server main port = 8848}
21:16:26:440  INFO 18012 --- [main] com.alibaba.nacos.common.remote.client   : [fe4762ac-7f09-4973-ae33-104937b4d68d] Success to connect to server [110.41.61.31:8848] on start up, connectionId = 1764508584835_110.86.218.244_48315
21:16:26:442  INFO 18012 --- [com.alibaba.nacos.client.remote.worker] com.alibaba.nacos.common.remote.client   : [fe4762ac-7f09-4973-ae33-104937b4d68d] Notify connected event to listeners.
21:16:26:442  INFO 18012 --- [main] com.alibaba.nacos.common.remote.client   : [fe4762ac-7f09-4973-ae33-104937b4d68d] Register server push request handler:com.alibaba.nacos.common.remote.client.RpcClient$ConnectResetRequestHandler
21:16:26:443  INFO 18012 --- [main] com.alibaba.nacos.common.remote.client   : [fe4762ac-7f09-4973-ae33-104937b4d68d] Register server push request handler:com.alibaba.nacos.common.remote.client.RpcClient$$Lambda$973/0x000000080069a840
21:16:26:553  WARN 18012 --- [main] ConfigServletWebServerApplicationContext : Exception encountered during context initialization - cancelling refresh attempt: org.springframework.context.ApplicationContextException: Failed to start bean 'webServerStartStop'; nested exception is org.springframework.boot.web.server.PortInUseException: Port 8085 is already in use
21:16:27:111  INFO 18012 --- [nacos-grpc-client-executor-5] com.alibaba.nacos.common.remote.client   : [fe4762ac-7f09-4973-ae33-104937b4d68d] Receive server push request, request = NotifySubscriberRequest, requestId = 85
21:16:27:112  INFO 18012 --- [nacos-grpc-client-executor-5] com.alibaba.nacos.common.remote.client   : [fe4762ac-7f09-4973-ae33-104937b4d68d] Ack server push request, request = NotifySubscriberRequest, requestId = 85
21:16:27:209  INFO 18012 --- [main] com.alibaba.nacos.common.remote.client   : Shutdown rpc client, set status to shutdown
21:16:27:209  INFO 18012 --- [main] com.alibaba.nacos.common.remote.client   : Shutdown client event executor java.util.concurrent.ScheduledThreadPoolExecutor@50930bff[Running, pool size = 2, active threads = 2, queued tasks = 0, completed tasks = 0]
21:16:27:209  INFO 18012 --- [main] com.alibaba.nacos.common.remote.client   : Close current connection 1764508584835_110.86.218.244_48315
21:16:27:212  INFO 18012 --- [main] c.a.n.c.remote.client.grpc.GrpcClient    : Shutdown grpc executor java.util.concurrent.ThreadPoolExecutor@735167e1[Running, pool size = 6, active threads = 0, queued tasks = 0, completed tasks = 6]
21:16:27:215  INFO 18012 --- [main] com.alibaba.nacos.common.remote.client   : [RpcClientFactory] create a new rpc client of 0e370316-d61c-4dfb-ad54-0c6fc9a02388
21:16:27:215  INFO 18012 --- [main] com.alibaba.nacos.common.remote.client   : [0e370316-d61c-4dfb-ad54-0c6fc9a02388] RpcClient init label, labels = {module=naming, source=sdk}
21:16:27:215  INFO 18012 --- [main] com.alibaba.nacos.common.remote.client   : [0e370316-d61c-4dfb-ad54-0c6fc9a02388] RpcClient init, ServerListFactory = com.alibaba.nacos.client.naming.core.ServerListManager
21:16:27:215  INFO 18012 --- [main] com.alibaba.nacos.common.remote.client   : [0e370316-d61c-4dfb-ad54-0c6fc9a02388] Registry connection listener to current client:com.alibaba.nacos.client.naming.remote.gprc.redo.NamingGrpcRedoService
21:16:27:215  INFO 18012 --- [main] com.alibaba.nacos.common.remote.client   : [0e370316-d61c-4dfb-ad54-0c6fc9a02388] Register server push request handler:com.alibaba.nacos.client.naming.remote.gprc.NamingPushRequestHandler
21:16:27:215  INFO 18012 --- [main] com.alibaba.nacos.common.remote.client   : [0e370316-d61c-4dfb-ad54-0c6fc9a02388] Try to connect to server on start up, server: {serverIp = '110.41.61.31', server main port = 8848}
21:16:27:246  INFO 18012 --- [grpc-nio-worker-ELG-1-2] c.a.n.s.i.g.i.AbstractClientStream       : Received trailers on closed stream:
 Metadata()
 {2}
21:16:27:444  INFO 18012 --- [main] com.alibaba.nacos.common.remote.client   : [0e370316-d61c-4dfb-ad54-0c6fc9a02388] Success to connect to server [110.41.61.31:8848] on start up, connectionId = 1764508585890_110.86.218.244_48155
21:16:27:444  INFO 18012 --- [main] com.alibaba.nacos.common.remote.client   : [0e370316-d61c-4dfb-ad54-0c6fc9a02388] Register server push request handler:com.alibaba.nacos.common.remote.client.RpcClient$ConnectResetRequestHandler
21:16:27:444  INFO 18012 --- [main] com.alibaba.nacos.common.remote.client   : [0e370316-d61c-4dfb-ad54-0c6fc9a02388] Register server push request handler:com.alibaba.nacos.common.remote.client.RpcClient$$Lambda$973/0x000000080069a840
21:16:27:444  INFO 18012 --- [com.alibaba.nacos.client.remote.worker] com.alibaba.nacos.common.remote.client   : [0e370316-d61c-4dfb-ad54-0c6fc9a02388] Notify connected event to listeners.
21:16:27:561  INFO 18012 --- [main] o.apache.catalina.core.StandardService   : Stopping service [Tomcat]
21:16:27:570  INFO 18012 --- [main] ConditionEvaluationReportLoggingListener : 

Error starting ApplicationContext. To display the conditions report re-run your application with 'debug' enabled.
21:16:27:582 ERROR 18012 --- [main] o.s.b.d.LoggingFailureAnalysisReporter   : 

***************************
APPLICATION FAILED TO START
***************************

Description:

Web server failed to start. Port 8085 was already in use.

Action:

Identify and stop the process that's listening on port 8085 or configure this application to listen on another port.

21:16:27:583  WARN 18012 --- [Thread-7] c.a.n.common.http.HttpClientBeanHolder   : [HttpClientBeanHolder] Start destroying common HttpClient
21:16:27:583  WARN 18012 --- [Thread-4] c.a.nacos.common.notify.NotifyCenter     : [NotifyCenter] Start destroying Publisher
21:16:27:584  WARN 18012 --- [Thread-4] c.a.nacos.common.notify.NotifyCenter     : [NotifyCenter] Destruction of the end
21:16:27:584  WARN 18012 --- [Thread-7] c.a.n.common.http.HttpClientBeanHolder   : [HttpClientBeanHolder] Destruction of the end
21:18:37:463  INFO 12496 --- [main] com.hmall.trade.TradeApplication         : Starting TradeApplication using Java 11.0.27 on ZhangDeskTop with PID 12496 (D:\Users\ZhangYao\Desktop\git\E-ommerceSystemMicroservices\hmall\trade-service\target\classes started by ZhangYao in D:\Users\ZhangYao\Desktop\git\E-ommerceSystemMicroservices\hmall)
21:18:37:464 DEBUG 12496 --- [main] com.hmall.trade.TradeApplication         : Running with Spring Boot v2.7.12, Spring v5.3.27
21:18:37:465  INFO 12496 --- [main] com.hmall.trade.TradeApplication         : The following 1 profile is active: "local"
21:18:38:145  INFO 12496 --- [main] o.s.cloud.context.scope.GenericScope     : BeanFactory id=617ae161-926b-3012-98e4-1e472aa397d0
21:18:38:407  INFO 12496 --- [main] o.s.b.w.embedded.tomcat.TomcatWebServer  : Tomcat initialized with port(s): 8085 (http)
21:18:38:417  INFO 12496 --- [main] o.apache.catalina.core.StandardService   : Starting service [Tomcat]
21:18:38:417  INFO 12496 --- [main] org.apache.catalina.core.StandardEngine  : Starting Servlet engine: [Apache Tomcat/9.0.75]
21:18:38:524  INFO 12496 --- [main] o.a.c.c.C.[Tomcat].[localhost].[/]       : Initializing Spring embedded WebApplicationContext
21:18:38:525  INFO 12496 --- [main] w.s.c.ServletWebServerApplicationContext : Root WebApplicationContext: initialization completed in 1033 ms
21:18:38:678  INFO 12496 --- [main] o.s.c.openfeign.FeignClientFactoryBean   : For 'item-service' URL not provided. Will try picking an instance via load-balancing.
21:18:39:273  INFO 12496 --- [main] o.s.c.openfeign.FeignClientFactoryBean   : For 'cart-service' URL not provided. Will try picking an instance via load-balancing.
21:18:39:788  INFO 12496 --- [main] pertySourcedRequestMappingHandlerMapping : Mapped URL path [/v2/api-docs] onto method [springfox.documentation.swagger2.web.Swagger2ControllerWebMvc#getDocumentation(String, HttpServletRequest)]
21:18:40:133  INFO 12496 --- [main] com.alibaba.nacos.common.remote.client   : [RpcClientFactory] create a new rpc client of c426e025-e4d2-4133-9e9e-be22944e4414
21:18:40:173  INFO 12496 --- [main] org.reflections.Reflections              : Reflections took 20 ms to scan 1 urls, producing 3 keys and 6 values 
21:18:40:197  INFO 12496 --- [main] org.reflections.Reflections              : Reflections took 7 ms to scan 1 urls, producing 4 keys and 9 values 
21:18:40:205  INFO 12496 --- [main] org.reflections.Reflections              : Reflections took 5 ms to scan 1 urls, producing 3 keys and 10 values 
21:18:40:209  WARN 12496 --- [main] org.reflections.Reflections              : given scan urls are empty. set urls in the configuration
21:18:40:214  INFO 12496 --- [main] org.reflections.Reflections              : Reflections took 5 ms to scan 1 urls, producing 1 keys and 5 values 
21:18:40:221  INFO 12496 --- [main] org.reflections.Reflections              : Reflections took 4 ms to scan 1 urls, producing 1 keys and 7 values 
21:18:40:229  INFO 12496 --- [main] org.reflections.Reflections              : Reflections took 5 ms to scan 1 urls, producing 2 keys and 8 values 
21:18:40:231  WARN 12496 --- [main] org.reflections.Reflections              : given scan urls are empty. set urls in the configuration
21:18:40:232  INFO 12496 --- [main] com.alibaba.nacos.common.remote.client   : [c426e025-e4d2-4133-9e9e-be22944e4414] RpcClient init label, labels = {module=naming, source=sdk}
21:18:40:235  INFO 12496 --- [main] com.alibaba.nacos.common.remote.client   : [c426e025-e4d2-4133-9e9e-be22944e4414] RpcClient init, ServerListFactory = com.alibaba.nacos.client.naming.core.ServerListManager
21:18:40:235  INFO 12496 --- [main] com.alibaba.nacos.common.remote.client   : [c426e025-e4d2-4133-9e9e-be22944e4414] Registry connection listener to current client:com.alibaba.nacos.client.naming.remote.gprc.redo.NamingGrpcRedoService
21:18:40:235  INFO 12496 --- [main] com.alibaba.nacos.common.remote.client   : [c426e025-e4d2-4133-9e9e-be22944e4414] Register server push request handler:com.alibaba.nacos.client.naming.remote.gprc.NamingPushRequestHandler
21:18:40:237  INFO 12496 --- [main] com.alibaba.nacos.common.remote.client   : [c426e025-e4d2-4133-9e9e-be22944e4414] Try to connect to server on start up, server: {serverIp = '110.41.61.31', server main port = 8848}
21:18:41:276  INFO 12496 --- [main] com.alibaba.nacos.common.remote.client   : [c426e025-e4d2-4133-9e9e-be22944e4414] Success to connect to server [110.41.61.31:8848] on start up, connectionId = 1764508719652_110.86.218.244_48372
21:18:41:278  INFO 12496 --- [main] com.alibaba.nacos.common.remote.client   : [c426e025-e4d2-4133-9e9e-be22944e4414] Register server push request handler:com.alibaba.nacos.common.remote.client.RpcClient$ConnectResetRequestHandler
21:18:41:277  INFO 12496 --- [com.alibaba.nacos.client.remote.worker] com.alibaba.nacos.common.remote.client   : [c426e025-e4d2-4133-9e9e-be22944e4414] Notify connected event to listeners.
21:18:41:278  INFO 12496 --- [main] com.alibaba.nacos.common.remote.client   : [c426e025-e4d2-4133-9e9e-be22944e4414] Register server push request handler:com.alibaba.nacos.common.remote.client.RpcClient$$Lambda$973/0x000000080069a840
21:18:41:375  INFO 12496 --- [main] o.s.b.w.embedded.tomcat.TomcatWebServer  : Tomcat started on port(s): 8085 (http) with context path ''
21:18:41:493  INFO 12496 --- [main] c.a.c.n.registry.NacosServiceRegistry    : nacos registry, DEFAULT_GROUP trade-service 192.168.84.91:8085 register finished
21:18:41:642  INFO 12496 --- [main] d.s.w.p.DocumentationPluginsBootstrapper : Documentation plugins bootstrapped
21:18:41:645  INFO 12496 --- [main] d.s.w.p.DocumentationPluginsBootstrapper : Found 1 custom documentation plugin(s)
21:18:41:657  INFO 12496 --- [main] s.d.s.w.s.ApiListingReferenceScanner     : Scanning for api listing references
21:18:41:704  INFO 12496 --- [main] com.hmall.trade.TradeApplication         : Started TradeApplication in 4.8 seconds (JVM running for 5.374)
21:18:41:888  INFO 12496 --- [nacos-grpc-client-executor-8] com.alibaba.nacos.common.remote.client   : [c426e025-e4d2-4133-9e9e-be22944e4414] Receive server push request, request = NotifySubscriberRequest, requestId = 92
21:18:41:890  INFO 12496 --- [nacos-grpc-client-executor-8] com.alibaba.nacos.common.remote.client   : [c426e025-e4d2-4133-9e9e-be22944e4414] Ack server push request, request = NotifySubscriberRequest, requestId = 92
21:19:44:352  WARN 12496 --- [Thread-7] c.a.n.common.http.HttpClientBeanHolder   : [HttpClientBeanHolder] Start destroying common HttpClient
21:19:44:352  WARN 12496 --- [Thread-4] c.a.nacos.common.notify.NotifyCenter     : [NotifyCenter] Start destroying Publisher
21:19:44:353  WARN 12496 --- [Thread-4] c.a.nacos.common.notify.NotifyCenter     : [NotifyCenter] Destruction of the end
21:19:44:353  WARN 12496 --- [Thread-7] c.a.n.common.http.HttpClientBeanHolder   : [HttpClientBeanHolder] Destruction of the end
21:19:44:567  INFO 12496 --- [SpringApplicationShutdownHook] c.a.c.n.registry.NacosServiceRegistry    : De-registering from Nacos Server now...
21:19:44:615  INFO 12496 --- [SpringApplicationShutdownHook] c.a.c.n.registry.NacosServiceRegistry    : De-registration finished.
21:19:44:941  INFO 12496 --- [SpringApplicationShutdownHook] com.alibaba.nacos.common.remote.client   : Shutdown rpc client, set status to shutdown
21:19:44:941  INFO 12496 --- [SpringApplicationShutdownHook] com.alibaba.nacos.common.remote.client   : Shutdown client event executor java.util.concurrent.ScheduledThreadPoolExecutor@2104d398[Running, pool size = 2, active threads = 2, queued tasks = 0, completed tasks = 0]
21:19:44:941  INFO 12496 --- [SpringApplicationShutdownHook] com.alibaba.nacos.common.remote.client   : Close current connection 1764508719652_110.86.218.244_48372
21:19:44:945  INFO 12496 --- [SpringApplicationShutdownHook] c.a.n.c.remote.client.grpc.GrpcClient    : Shutdown grpc executor java.util.concurrent.ThreadPoolExecutor@36e646b[Running, pool size = 7, active threads = 0, queued tasks = 0, completed tasks = 27]
22:44:29:458  INFO 2112 --- [main] com.hmall.trade.TradeApplication         : Starting TradeApplication using Java 11.0.27 on ZhangDeskTop with PID 2112 (D:\Users\ZhangYao\Desktop\git\E-ommerceSystemMicroservices\hmall\trade-service\target\classes started by ZhangYao in D:\Users\ZhangYao\Desktop\git\E-ommerceSystemMicroservices\hmall)
22:44:29:461 DEBUG 2112 --- [main] com.hmall.trade.TradeApplication         : Running with Spring Boot v2.7.12, Spring v5.3.27
22:44:29:462  INFO 2112 --- [main] com.hmall.trade.TradeApplication         : The following 1 profile is active: "local"
22:44:30:151  INFO 2112 --- [main] o.s.cloud.context.scope.GenericScope     : BeanFactory id=33f68efe-c945-3cfa-bcee-e311426855ca
22:44:30:403  INFO 2112 --- [main] o.s.b.w.embedded.tomcat.TomcatWebServer  : Tomcat initialized with port(s): 8085 (http)
22:44:30:412  INFO 2112 --- [main] o.apache.catalina.core.StandardService   : Starting service [Tomcat]
22:44:30:412  INFO 2112 --- [main] org.apache.catalina.core.StandardEngine  : Starting Servlet engine: [Apache Tomcat/9.0.75]
22:44:30:525  INFO 2112 --- [main] o.a.c.c.C.[Tomcat].[localhost].[/]       : Initializing Spring embedded WebApplicationContext
22:44:30:525  INFO 2112 --- [main] w.s.c.ServletWebServerApplicationContext : Root WebApplicationContext: initialization completed in 1026 ms
22:44:30:650  INFO 2112 --- [main] o.s.c.openfeign.FeignClientFactoryBean   : For 'item-service' URL not provided. Will try picking an instance via load-balancing.
22:44:31:231  INFO 2112 --- [main] o.s.c.openfeign.FeignClientFactoryBean   : For 'cart-service' URL not provided. Will try picking an instance via load-balancing.
22:44:31:685  INFO 2112 --- [main] pertySourcedRequestMappingHandlerMapping : Mapped URL path [/v2/api-docs] onto method [springfox.documentation.swagger2.web.Swagger2ControllerWebMvc#getDocumentation(String, HttpServletRequest)]
22:44:31:976  INFO 2112 --- [main] com.alibaba.nacos.common.remote.client   : [RpcClientFactory] create a new rpc client of c0537679-0310-4b81-a589-5306ea772ac6
22:44:32:001  INFO 2112 --- [main] org.reflections.Reflections              : Reflections took 13 ms to scan 1 urls, producing 3 keys and 6 values 
22:44:32:018  INFO 2112 --- [main] org.reflections.Reflections              : Reflections took 6 ms to scan 1 urls, producing 4 keys and 9 values 
22:44:32:028  INFO 2112 --- [main] org.reflections.Reflections              : Reflections took 7 ms to scan 1 urls, producing 3 keys and 10 values 
22:44:32:033  WARN 2112 --- [main] org.reflections.Reflections              : given scan urls are empty. set urls in the configuration
22:44:32:041  INFO 2112 --- [main] org.reflections.Reflections              : Reflections took 7 ms to scan 1 urls, producing 1 keys and 5 values 
22:44:32:050  INFO 2112 --- [main] org.reflections.Reflections              : Reflections took 7 ms to scan 1 urls, producing 1 keys and 7 values 
22:44:32:058  INFO 2112 --- [main] org.reflections.Reflections              : Reflections took 6 ms to scan 1 urls, producing 2 keys and 8 values 
22:44:32:059  WARN 2112 --- [main] org.reflections.Reflections              : given scan urls are empty. set urls in the configuration
22:44:32:060  INFO 2112 --- [main] com.alibaba.nacos.common.remote.client   : [c0537679-0310-4b81-a589-5306ea772ac6] RpcClient init label, labels = {module=naming, source=sdk}
22:44:32:062  INFO 2112 --- [main] com.alibaba.nacos.common.remote.client   : [c0537679-0310-4b81-a589-5306ea772ac6] RpcClient init, ServerListFactory = com.alibaba.nacos.client.naming.core.ServerListManager
22:44:32:062  INFO 2112 --- [main] com.alibaba.nacos.common.remote.client   : [c0537679-0310-4b81-a589-5306ea772ac6] Registry connection listener to current client:com.alibaba.nacos.client.naming.remote.gprc.redo.NamingGrpcRedoService
22:44:32:062  INFO 2112 --- [main] com.alibaba.nacos.common.remote.client   : [c0537679-0310-4b81-a589-5306ea772ac6] Register server push request handler:com.alibaba.nacos.client.naming.remote.gprc.NamingPushRequestHandler
22:44:32:063  INFO 2112 --- [main] com.alibaba.nacos.common.remote.client   : [c0537679-0310-4b81-a589-5306ea772ac6] Try to connect to server on start up, server: {serverIp = '110.41.61.31', server main port = 8848}
22:44:33:070  INFO 2112 --- [main] com.alibaba.nacos.common.remote.client   : [c0537679-0310-4b81-a589-5306ea772ac6] Success to connect to server [110.41.61.31:8848] on start up, connectionId = 1764513872625_110.86.218.244_48327
22:44:33:071  INFO 2112 --- [com.alibaba.nacos.client.remote.worker] com.alibaba.nacos.common.remote.client   : [c0537679-0310-4b81-a589-5306ea772ac6] Notify connected event to listeners.
22:44:33:071  INFO 2112 --- [main] com.alibaba.nacos.common.remote.client   : [c0537679-0310-4b81-a589-5306ea772ac6] Register server push request handler:com.alibaba.nacos.common.remote.client.RpcClient$ConnectResetRequestHandler
22:44:33:072  INFO 2112 --- [main] com.alibaba.nacos.common.remote.client   : [c0537679-0310-4b81-a589-5306ea772ac6] Register server push request handler:com.alibaba.nacos.common.remote.client.RpcClient$$Lambda$973/0x000000080069a040
22:44:33:207  INFO 2112 --- [main] o.s.b.w.embedded.tomcat.TomcatWebServer  : Tomcat started on port(s): 8085 (http) with context path ''
22:44:33:258  INFO 2112 --- [main] c.a.c.n.registry.NacosServiceRegistry    : nacos registry, DEFAULT_GROUP trade-service 192.168.84.91:8085 register finished
22:44:33:407  INFO 2112 --- [main] d.s.w.p.DocumentationPluginsBootstrapper : Documentation plugins bootstrapped
22:44:33:411  INFO 2112 --- [main] d.s.w.p.DocumentationPluginsBootstrapper : Found 1 custom documentation plugin(s)
22:44:33:428  INFO 2112 --- [main] s.d.s.w.s.ApiListingReferenceScanner     : Scanning for api listing references
22:44:33:483  INFO 2112 --- [main] com.hmall.trade.TradeApplication         : Started TradeApplication in 4.568 seconds (JVM running for 5.101)
22:44:33:762  INFO 2112 --- [nacos-grpc-client-executor-9] com.alibaba.nacos.common.remote.client   : [c0537679-0310-4b81-a589-5306ea772ac6] Receive server push request, request = NotifySubscriberRequest, requestId = 101
22:44:33:765  INFO 2112 --- [nacos-grpc-client-executor-9] com.alibaba.nacos.common.remote.client   : [c0537679-0310-4b81-a589-5306ea772ac6] Ack server push request, request = NotifySubscriberRequest, requestId = 101
22:45:19:732  INFO 2112 --- [http-nio-8085-exec-1] o.a.c.c.C.[Tomcat].[localhost].[/]       : Initializing Spring DispatcherServlet 'dispatcherServlet'
22:45:19:732  INFO 2112 --- [http-nio-8085-exec-1] o.s.web.servlet.DispatcherServlet        : Initializing Servlet 'dispatcherServlet'
22:45:19:734  INFO 2112 --- [http-nio-8085-exec-1] o.s.web.servlet.DispatcherServlet        : Completed initialization in 1 ms
22:46:14:427  WARN 2112 --- [Thread-4] c.a.nacos.common.notify.NotifyCenter     : [NotifyCenter] Start destroying Publisher
22:46:14:427  WARN 2112 --- [Thread-7] c.a.n.common.http.HttpClientBeanHolder   : [HttpClientBeanHolder] Start destroying common HttpClient
22:46:14:427  WARN 2112 --- [Thread-4] c.a.nacos.common.notify.NotifyCenter     : [NotifyCenter] Destruction of the end
22:46:14:428  WARN 2112 --- [Thread-7] c.a.n.common.http.HttpClientBeanHolder   : [HttpClientBeanHolder] Destruction of the end
22:46:14:623  INFO 2112 --- [SpringApplicationShutdownHook] c.a.c.n.registry.NacosServiceRegistry    : De-registering from Nacos Server now...
22:46:14:668  INFO 2112 --- [SpringApplicationShutdownHook] c.a.c.n.registry.NacosServiceRegistry    : De-registration finished.
22:46:14:996  INFO 2112 --- [SpringApplicationShutdownHook] com.alibaba.nacos.common.remote.client   : Shutdown rpc client, set status to shutdown
22:46:14:996  INFO 2112 --- [SpringApplicationShutdownHook] com.alibaba.nacos.common.remote.client   : Shutdown client event executor java.util.concurrent.ScheduledThreadPoolExecutor@2786f228[Running, pool size = 2, active threads = 2, queued tasks = 0, completed tasks = 0]
22:46:14:996  INFO 2112 --- [SpringApplicationShutdownHook] com.alibaba.nacos.common.remote.client   : Close current connection 1764513872625_110.86.218.244_48327
22:46:15:001  INFO 2112 --- [SpringApplicationShutdownHook] c.a.n.c.remote.client.grpc.GrpcClient    : Shutdown grpc executor java.util.concurrent.ThreadPoolExecutor@6ee2f12f[Running, pool size = 4, active threads = 0, queued tasks = 0, completed tasks = 35]
